<?xml version="1.0" encoding="UTF-8"?>
<!-- Generated by org.testng.reporters.JUnitReportReporter -->
<testsuite hostname="LAPTOP-9B1FEA8D" failures="0" tests="2" name="controller.ErrorValidatorTest2" time="0.470" errors="0" timestamp="2021-09-27T14:44:44 EDT" skipped="0">
  <testcase classname="controller.ErrorValidatorTest2" name="test2" time="0.002"/>
  <system-out/>
  <testcase classname="controller.ErrorValidatorTest2" name="test1" time="0.468"/>
  <system-out/>
</testsuite> <!-- controller.ErrorValidatorTest2 -->
