<?xml version="1.0" encoding="UTF-8"?>
<!-- Generated by org.testng.reporters.JUnitReportReporter -->
<testsuite hostname="LAPTOP-9B1FEA8D" failures="0" tests="2" name="controller.ErrorValidatorTest" time="0.458" errors="0" timestamp="2021-09-27T14:46:22 EDT" skipped="0">
  <testcase classname="controller.ErrorValidatorTest" name="test2" time="0.002"/>
  <system-out/>
  <testcase classname="controller.ErrorValidatorTest" name="test1" time="0.456"/>
  <system-out/>
</testsuite> <!-- controller.ErrorValidatorTest -->
