<?xml version="1.0" encoding="UTF-8"?>
<!-- Generated by org.testng.reporters.JUnitReportReporter -->
<testsuite hostname="LAPTOP-9B1FEA8D" failures="0" tests="4" name="e1.Test1" time="0.027" errors="0" timestamp="2021-09-21T16:22:00 EDT" skipped="0">
  <testcase classname="e1.Test1" name="test2" time="0.004"/>
  <system-out/>
  <testcase classname="e1.Test1" name="test3" time="0.001"/>
  <system-out/>
  <testcase classname="e1.Test1" name="test4" time="0.002"/>
  <system-out/>
  <testcase classname="e1.Test1" name="test1" time="0.020"/>
  <system-out/>
</testsuite> <!-- e1.Test1 -->
