<?xml version="1.0" encoding="UTF-8"?>
<!-- Generated by org.testng.reporters.JUnitReportReporter -->
<testsuite hostname="LAPTOP-9B1FEA8D" failures="0" tests="4" name="controller.Test1" time="0.013" errors="0" timestamp="2021-09-23T11:19:54 EDT" skipped="0">
  <testcase classname="controller.Test1" name="test1" time="0.010"/>
  <system-out/>
  <testcase classname="controller.Test1" name="test4" time="0.001"/>
  <system-out/>
  <testcase classname="controller.Test1" name="test3" time="0.001"/>
  <system-out/>
  <testcase classname="controller.Test1" name="test2" time="0.001"/>
  <system-out/>
</testsuite> <!-- controller.Test1 -->
