<?xml version="1.0" encoding="UTF-8"?>
<!-- Generated by org.testng.reporters.JUnitReportReporter -->
<testsuite hostname="LAPTOP-9B1FEA8D" failures="0" tests="2" name="controller.ErrorValidatorTest" time="0.383" errors="0" timestamp="2021-09-29T08:13:29 EDT" skipped="0">
  <testcase classname="controller.ErrorValidatorTest" name="test1" time="0.382"/>
  <system-out/>
  <testcase classname="controller.ErrorValidatorTest" name="test2" time="0.001"/>
  <system-out/>
</testsuite> <!-- controller.ErrorValidatorTest -->
